<?xml version="1.0" encoding="UTF-8"?>
<!-- Generated by org.testng.reporters.JUnitReportReporter -->
<testsuite hostname="LAPTOP-8TP6OQIJ" failures="0" tests="2" name="testngconcpets.Demo2" time="0.003" errors="0" timestamp="2024-12-16T19:29:46 IST" skipped="0">
  <testcase classname="testngconcpets.Demo2" name="method3" time="0.001"/>
  <testcase classname="testngconcpets.Demo2" name="method4" time="0.002"/>
</testsuite> <!-- testngconcpets.Demo2 -->
