<?xml version="1.0" encoding="UTF-8"?>
<!-- Generated by org.testng.reporters.JUnitReportReporter -->
<testsuite hostname="LAPTOP-8TP6OQIJ" failures="0" tests="12" name="parallel.test1" time="0.062" errors="0" timestamp="2024-11-07T15:07:15 IST" skipped="0">
  <testcase classname="parallel.test1" name="method3" time="0.011"/>
  <testcase classname="parallel.test1" name="method6" time="0.004"/>
  <testcase classname="parallel.test1" name="method2" time="0.001"/>
  <testcase classname="parallel.test1" name="method1" time="0.001"/>
  <testcase classname="parallel.test1" name="method4" time="0.002"/>
  <testcase classname="parallel.test1" name="method5" time="0.001"/>
  <testcase classname="parallel.test1" name="method3" time="0.001"/>
  <testcase classname="parallel.test1" name="method4" time="0.010"/>
  <testcase classname="parallel.test1" name="method5" time="0.010"/>
  <testcase classname="parallel.test1" name="method2" time="0.010"/>
  <testcase classname="parallel.test1" name="method1" time="0.010"/>
  <testcase classname="parallel.test1" name="method6" time="0.001"/>
</testsuite> <!-- parallel.test1 -->
