<?xml version="1.0" encoding="UTF-8"?>
<!-- Generated by org.testng.reporters.JUnitReportReporter -->
<testsuite hostname="LAPTOP-8TP6OQIJ" failures="0" tests="2" name="TestCases.resgiterationTestCases" time="13.178" errors="0" timestamp="2024-12-21T08:13:25 IST" skipped="0">
  <testcase classname="TestCases.resgiterationTestCases" name="verifyRegisterationWithBlankData" time="4.723"/>
  <testcase classname="TestCases.resgiterationTestCases" name="verifyRegisterationWithValidData" time="8.455"/>
</testsuite> <!-- TestCases.resgiterationTestCases -->
