<?xml version="1.0" encoding="UTF-8"?>
<!-- Generated by org.testng.reporters.JUnitReportReporter -->
<testsuite hostname="LAPTOP-8TP6OQIJ" failures="0" tests="1" name="testngconcepts.Assettions" time="9.787" errors="0" timestamp="2024-05-10T10:05:07 IST" skipped="0">
  <testcase classname="testngconcepts.Assettions" name="verifyLoginWithValiData" time="9.787"/>
</testsuite> <!-- testngconcepts.Assettions -->
