<?xml version="1.0" encoding="UTF-8"?>
<!-- Generated by org.testng.reporters.JUnitReportReporter -->
<testsuite hostname="LAPTOP-8TP6OQIJ" failures="0" tests="2" name="testngconcpets.dependsOnMethods" time="0.012" errors="0" timestamp="2024-12-16T19:38:55 IST" skipped="0">
  <testcase classname="testngconcpets.dependsOnMethods" name="verifyLogin" time="0.002"/>
  <testcase classname="testngconcpets.dependsOnMethods" name="verifyRegitseration" time="0.010"/>
</testsuite> <!-- testngconcpets.dependsOnMethods -->
