<?xml version="1.0" encoding="UTF-8"?>
<!-- Generated by org.testng.reporters.JUnitReportReporter -->
<testsuite hostname="LAPTOP-8TP6OQIJ" failures="0" tests="1" name="testngconcpets.groupsDemo" time="0.014" errors="0" timestamp="2024-12-17T07:16:50 IST" skipped="0">
  <testcase classname="testngconcpets.groupsDemo" name="verifyRegitseration" time="0.014"/>
</testsuite> <!-- testngconcpets.groupsDemo -->
