<?xml version="1.0" encoding="UTF-8"?>
<!-- Generated by org.testng.reporters.JUnitReportReporter -->
<testsuite hostname="LAPTOP-8TP6OQIJ" failures="0" tests="2" name="testngconcepts.dataproviderDemo" time="11.019" errors="0" timestamp="2024-05-10T09:32:54 IST" skipped="0">
  <testcase classname="testngconcepts.dataproviderDemo" name="login" time="5.405"/>
  <testcase classname="testngconcepts.dataproviderDemo" name="login" time="5.614"/>
</testsuite> <!-- testngconcepts.dataproviderDemo -->
