<?xml version="1.0" encoding="UTF-8"?>
<!-- Generated by org.testng.reporters.JUnitReportReporter -->
<testsuite hostname="LAPTOP-8TP6OQIJ" failures="0" tests="6" name="parallel.test2" time="0.091" errors="0" timestamp="2024-11-07T14:35:05 IST" skipped="0">
  <testcase classname="parallel.test2" name="method9" time="0.013"/>
  <testcase classname="parallel.test2" name="method10" time="0.024"/>
  <testcase classname="parallel.test2" name="method11" time="0.010"/>
  <testcase classname="parallel.test2" name="method8" time="0.019"/>
  <testcase classname="parallel.test2" name="method3" time="0.010"/>
  <testcase classname="parallel.test2" name="method7" time="0.015"/>
</testsuite> <!-- parallel.test2 -->
