<?xml version="1.0" encoding="UTF-8"?>
<!-- Generated by org.testng.reporters.JUnitReportReporter -->
<testsuite hostname="LAPTOP-8TP6OQIJ" failures="0" tests="1" name="testngconcepts.groupsDemo" time="0.006" errors="0" timestamp="2024-05-09T09:44:40 IST" skipped="0">
  <testcase classname="testngconcepts.groupsDemo" name="method1" time="0.006"/>
</testsuite> <!-- testngconcepts.groupsDemo -->
