<?xml version="1.0" encoding="UTF-8"?>
<!-- Generated by org.testng.reporters.JUnitReportReporter -->
<testsuite hostname="LAPTOP-8TP6OQIJ" failures="0" tests="1" name="testngconcepts.priorityDemo" time="0.012" errors="0" timestamp="2024-06-12T09:49:17 IST" skipped="0">
  <testcase classname="testngconcepts.priorityDemo" name="method1" time="0.012"/>
</testsuite> <!-- testngconcepts.priorityDemo -->
