<?xml version="1.0" encoding="UTF-8"?>
<!-- Generated by org.testng.reporters.JUnitReportReporter -->
<testsuite hostname="LAPTOP-8TP6OQIJ" failures="0" tests="11" name="testngconcepts.otherAnnoations" time="0.017" errors="0" timestamp="2024-05-09T09:58:55 IST" skipped="1">
  <testcase classname="testngconcepts.otherAnnoations" name="metho2" time="0.002"/>
  <testcase classname="testngconcepts.otherAnnoations" name="metho2" time="0.001"/>
  <testcase classname="testngconcepts.otherAnnoations" name="metho2" time="0.001"/>
  <testcase classname="testngconcepts.otherAnnoations" name="metho2" time="0.001"/>
  <testcase classname="testngconcepts.otherAnnoations" name="metho2" time="0.006"/>
  <testcase classname="testngconcepts.otherAnnoations" name="metho2" time="0.001"/>
  <testcase classname="testngconcepts.otherAnnoations" name="metho2" time="0.001"/>
  <testcase classname="testngconcepts.otherAnnoations" name="metho2" time="0.001"/>
  <testcase classname="testngconcepts.otherAnnoations" name="metho2" time="0.002"/>
  <testcase classname="testngconcepts.otherAnnoations" name="metho2" time="0.001"/>
  <testcase classname="testngconcepts.otherAnnoations" name="metho1">
    <skipped/>
  </testcase> <!-- metho1 -->
</testsuite> <!-- testngconcepts.otherAnnoations -->
