<?xml version="1.0" encoding="UTF-8"?>
<!-- Generated by org.testng.reporters.JUnitReportReporter -->
<testsuite hostname="LAPTOP-8TP6OQIJ" failures="0" tests="1" name="testngconcepts.paramaterization" time="4.564" errors="0" timestamp="2024-05-09T09:54:30 IST" skipped="0">
  <testcase classname="testngconcepts.paramaterization" name="method1" time="4.564"/>
</testsuite> <!-- testngconcepts.paramaterization -->
