<?xml version="1.0" encoding="UTF-8"?>
<!-- Generated by org.testng.reporters.JUnitReportReporter -->
<testsuite hostname="LAPTOP-8TP6OQIJ" failures="0" tests="2" name="testngconcpets.dataProvider" time="10.693" errors="0" timestamp="2024-12-17T07:26:55 IST" skipped="0">
  <testcase classname="testngconcpets.dataProvider" name="verifyLogin" time="5.117"/>
  <testcase classname="testngconcpets.dataProvider" name="verifyLogin" time="5.576"/>
</testsuite> <!-- testngconcpets.dataProvider -->
