<?xml version="1.0" encoding="UTF-8"?>
<!-- Generated by org.testng.reporters.JUnitReportReporter -->
<testsuite hostname="LAPTOP-8TP6OQIJ" failures="0" tests="2" name="testngconcpets.Demo1" time="0.007" errors="0" timestamp="2024-12-16T19:29:46 IST" skipped="0">
  <testcase classname="testngconcpets.Demo1" name="method1" time="0.005"/>
  <testcase classname="testngconcpets.Demo1" name="method2" time="0.002"/>
</testsuite> <!-- testngconcpets.Demo1 -->
