<?xml version="1.0" encoding="UTF-8"?>
<!-- Generated by org.testng.reporters.JUnitReportReporter -->
<testsuite hostname="LAPTOP-8TP6OQIJ" failures="0" tests="3" name="testngconcpets.priorityDemo" time="0.026" errors="0" timestamp="2024-12-16T19:35:18 IST" skipped="0">
  <testcase classname="testngconcpets.priorityDemo" name="verifyRegitseration" time="0.003"/>
  <testcase classname="testngconcpets.priorityDemo" name="verifyLogin" time="0.021"/>
  <testcase classname="testngconcpets.priorityDemo" name="verifyLogout" time="0.002"/>
</testsuite> <!-- testngconcpets.priorityDemo -->
